<?xml version="1.0" encoding="UTF-8"?>
<testsuite name="I as user of the UTest" tests="1" skipped="0" failures="0" errors="0" timestamp="2022-08-12T15:25:12" hostname="LAPTOP-5B4JUDQ3" time="27.056">
  <properties/>
  <testcase name="Scenario: Successful user creation" classname="I as user of the UTest" time="27.056"/>
  <system-out><![CDATA[
Scenario Outline: Scenario: Successful user creation                                                                                                      ?[90m# src/test/resources/features/registro_usuario.feature:12?[0m
  ?[32mGiven ?[0m?[32muser in the home page?[0m                                                                                                                             ?[90m# co.com.renting.stepdefinitions.RegisterUserStepDefinitions.userInTheHomePage()?[0m
  ?[32mWhen ?[0m?[32muser create an account filling the fields nombre:?[0m?[32m?[1mRuben?[0m?[32m apellido:?[0m?[32m?[1mMartinez Padilla?[0m?[32m correo:?[0m?[32m?[1mrmartinezpadilla@hotmail.com?[0m?[32m mes:?[0m?[32m?[1mDecember?[0m?[32m dia:?[0m?[32m?[1m28?[0m?[32m anno:?[0m?[32m?[1m1989?[0m ?[90m# co.com.renting.stepdefinitions.RegisterUserStepDefinitions.userCreateAnAccountFillingTheFieldsnombreapellidocorreomesdiaanno(java.lang.String,java.lang.String,java.lang.String,java.lang.String,java.lang.String,java.lang.String)?[0m
  ?[32mThen ?[0m?[32muser sees its username?[0m                                                                                                                             ?[90m# co.com.renting.stepdefinitions.RegisterUserStepDefinitions.userSeesItsUsername()?[0m
]]></system-out>
  <system-err><![CDATA[[Test worker] INFO io.cucumber.core.plugin.SerenityReporter - Running feature from file:///C:/Users/Equipo/Desktop/UTestReto/src/test/resources/features/registro_usuario.feature
[Test worker] INFO  - 
  _____   ___   ___   _____     ___   _____     _     ___   _____   ___   ___  
 |_   _| | __| / __| |_   _|   / __| |_   _|   /_\   | _ \ |_   _| | __| |   \ 
   | |   | _|  \__ \   | |     \__ \   | |    / _ \  |   /   | |   | _|  | |) |
   |_|   |___| |___/   |_|     |___/   |_|   /_/ \_\ |_|_\   |_|   |___| |___/ 

Scenario: Successful user creation(i-as-user-of-the-utest;scenario:-successful-user-creation)
--------------------------------------------------------------------------------
[Test worker] INFO net.serenitybdd.core.webdriver.driverproviders.ChromeDriverProvider - Using automatically driver download
[Test worker] INFO io.github.bonigarcia.wdm.WebDriverManager - Using chromedriver 104.0.5112.79 (resolved driver for Chrome 104)
[Test worker] INFO io.github.bonigarcia.wdm.WebDriverManager - Exporting webdriver.chrome.driver as C:\Users\Equipo\.cache\selenium\chromedriver\win32\104.0.5112.79\chromedriver.exe
[Test worker] INFO net.serenitybdd.core.webdriver.driverproviders.ProvideNewDriver - Instantiating driver
[Test worker] INFO net.serenitybdd.core.webdriver.driverproviders.ProvideNewDriver - Driver capabilities: Capabilities {acceptInsecureCerts: false, browserName: chrome, chrome.switches: --incognito,--enable-automa..., goog:chromeOptions: {args: [--incognito, --enable-automation, --no-sandbox, --disable-gpu-sandbox], extensions: [], prefs: {safebrowsing.enabled: false}}, loggingPrefs: org.openqa.selenium.logging...}
Starting ChromeDriver 104.0.5112.79 (3cf3e8c8a07d104b9e1260c910efb8f383285dc5-refs/branch-heads/5112@{#1307}) on port 13767
Only local connections are allowed.
Please see https://chromedriver.chromium.org/security-considerations for suggestions on keeping ChromeDriver safe.
ChromeDriver was started successfully.
ago 12, 2022 10:25:15 AM org.openqa.selenium.remote.ProtocolHandshake createSession
INFORMACIÓN: Detected dialect: W3C
[Test worker] INFO  - 
  _____   ___   ___   _____     ___     _     ___   ___   ___   ___  
 |_   _| | __| / __| |_   _|   | _ \   /_\   / __| / __| | __| |   \ 
   | |   | _|  \__ \   | |     |  _/  / _ \  \__ \ \__ \ | _|  | |) |
   |_|   |___| |___/   |_|     |_|   /_/ \_\ |___/ |___/ |___| |___/ 

Scenario
----------------------------------------------------------------------
]]></system-err>
</testsuite>
